<?xml version="1.0" encoding="UTF-8"?>
<testsuite xmlns:xsi="http://www.w3.org/2001/XMLSchema-instance" xsi:noNamespaceSchemaLocation="https://maven.apache.org/surefire/maven-surefire-plugin/xsd/surefire-test-report.xsd" name="ru.netology.stats.StatsServiceTest" time="0.024" tests="5" errors="0" skipped="0" failures="0">
  <properties>
    <property name="sun.desktop" value="windows"/>
    <property name="awt.toolkit" value="sun.awt.windows.WToolkit"/>
    <property name="java.specification.version" value="11"/>
    <property name="sun.cpu.isalist" value="amd64"/>
    <property name="sun.jnu.encoding" value="Cp1251"/>
    <property name="java.class.path" value="C:\Users\АНТОН\IdeaProjects\2.4-1\target\test-classes;C:\Users\АНТОН\IdeaProjects\2.4-1\target\classes;C:\Users\АНТОН\.m2\repository\org\junit\jupiter\junit-jupiter\5.6.0\junit-jupiter-5.6.0.jar;C:\Users\АНТОН\.m2\repository\org\junit\jupiter\junit-jupiter-api\5.6.0\junit-jupiter-api-5.6.0.jar;C:\Users\АНТОН\.m2\repository\org\apiguardian\apiguardian-api\1.1.0\apiguardian-api-1.1.0.jar;C:\Users\АНТОН\.m2\repository\org\opentest4j\opentest4j\1.2.0\opentest4j-1.2.0.jar;C:\Users\АНТОН\.m2\repository\org\junit\platform\junit-platform-commons\1.6.0\junit-platform-commons-1.6.0.jar;C:\Users\АНТОН\.m2\repository\org\junit\jupiter\junit-jupiter-params\5.6.0\junit-jupiter-params-5.6.0.jar;C:\Users\АНТОН\.m2\repository\org\junit\jupiter\junit-jupiter-engine\5.6.0\junit-jupiter-engine-5.6.0.jar;C:\Users\АНТОН\.m2\repository\org\junit\platform\junit-platform-engine\1.6.0\junit-platform-engine-1.6.0.jar;C:\Users\АНТОН\.m2\repository\org\jetbrains\annotations\19.0.0\annotations-19.0.0.jar;C:\Users\АНТОН\.m2\repository\net\sf\opencsv\opencsv\2.3\opencsv-2.3.jar;"/>
    <property name="java.vm.vendor" value="JetBrains s.r.o"/>
    <property name="sun.arch.data.model" value="64"/>
    <property name="user.variant" value=""/>
    <property name="java.vendor.url" value="https://www.jetbrains.com/"/>
    <property name="user.timezone" value="Asia/Tashkent"/>
    <property name="java.vm.specification.version" value="11"/>
    <property name="os.name" value="Windows 7"/>
    <property name="sun.java.launcher" value="SUN_STANDARD"/>
    <property name="user.country" value="RU"/>
    <property name="sun.boot.library.path" value="C:\Program Files\JetBrains\IntelliJ IDEA Community Edition 2019.3.1\jbr\bin"/>
    <property name="sun.java.command" value="C:\Users\F85F~1\AppData\Local\Temp\surefire8974958898403365984\surefirebooter15319084603929637034.jar C:\Users\АНТОН\AppData\Local\Temp\surefire8974958898403365984 2020-03-22T16-15-07_529-jvmRun1 surefire8308752103081140958tmp surefire_09425140242181410342tmp"/>
    <property name="jdk.debug" value="release"/>
    <property name="surefire.test.class.path" value="C:\Users\АНТОН\IdeaProjects\2.4-1\target\test-classes;C:\Users\АНТОН\IdeaProjects\2.4-1\target\classes;C:\Users\АНТОН\.m2\repository\org\junit\jupiter\junit-jupiter\5.6.0\junit-jupiter-5.6.0.jar;C:\Users\АНТОН\.m2\repository\org\junit\jupiter\junit-jupiter-api\5.6.0\junit-jupiter-api-5.6.0.jar;C:\Users\АНТОН\.m2\repository\org\apiguardian\apiguardian-api\1.1.0\apiguardian-api-1.1.0.jar;C:\Users\АНТОН\.m2\repository\org\opentest4j\opentest4j\1.2.0\opentest4j-1.2.0.jar;C:\Users\АНТОН\.m2\repository\org\junit\platform\junit-platform-commons\1.6.0\junit-platform-commons-1.6.0.jar;C:\Users\АНТОН\.m2\repository\org\junit\jupiter\junit-jupiter-params\5.6.0\junit-jupiter-params-5.6.0.jar;C:\Users\АНТОН\.m2\repository\org\junit\jupiter\junit-jupiter-engine\5.6.0\junit-jupiter-engine-5.6.0.jar;C:\Users\АНТОН\.m2\repository\org\junit\platform\junit-platform-engine\1.6.0\junit-platform-engine-1.6.0.jar;C:\Users\АНТОН\.m2\repository\org\jetbrains\annotations\19.0.0\annotations-19.0.0.jar;C:\Users\АНТОН\.m2\repository\net\sf\opencsv\opencsv\2.3\opencsv-2.3.jar;"/>
    <property name="sun.cpu.endian" value="little"/>
    <property name="user.home" value="C:\Users\АНТОН"/>
    <property name="user.language" value="ru"/>
    <property name="java.specification.vendor" value="Oracle Corporation"/>
    <property name="java.version.date" value="2019-10-15"/>
    <property name="java.home" value="C:\Program Files\JetBrains\IntelliJ IDEA Community Edition 2019.3.1\jbr"/>
    <property name="file.separator" value="\"/>
    <property name="basedir" value="C:\Users\АНТОН\IdeaProjects\2.4-1"/>
    <property name="java.vm.compressedOopsMode" value="32-bit"/>
    <property name="line.separator" value="&#10;"/>
    <property name="java.specification.name" value="Java Platform API Specification"/>
    <property name="java.vm.specification.vendor" value="Oracle Corporation"/>
    <property name="java.awt.graphicsenv" value="sun.awt.Win32GraphicsEnvironment"/>
    <property name="surefire.real.class.path" value="C:\Users\F85F~1\AppData\Local\Temp\surefire8974958898403365984\surefirebooter15319084603929637034.jar"/>
    <property name="user.script" value=""/>
    <property name="sun.management.compiler" value="HotSpot 64-Bit Tiered Compilers"/>
    <property name="java.runtime.version" value="11.0.5+10-b520.17"/>
    <property name="user.name" value="АНТОН"/>
    <property name="path.separator" value=";"/>
    <property name="os.version" value="6.1"/>
    <property name="java.runtime.name" value="OpenJDK Runtime Environment"/>
    <property name="file.encoding" value="Cp1251"/>
    <property name="java.vm.name" value="OpenJDK 64-Bit Server VM"/>
    <property name="localRepository" value="C:\Users\АНТОН\.m2\repository"/>
    <property name="java.vendor.url.bug" value="https://youtrack.jetbrains.com"/>
    <property name="java.io.tmpdir" value="C:\Users\F85F~1\AppData\Local\Temp\"/>
    <property name="java.version" value="11.0.5"/>
    <property name="user.dir" value="C:\Users\АНТОН\IdeaProjects\2.4-1"/>
    <property name="os.arch" value="amd64"/>
    <property name="java.vm.specification.name" value="Java Virtual Machine Specification"/>
    <property name="java.awt.printerjob" value="sun.awt.windows.WPrinterJob"/>
    <property name="idea.version2019.3.1" value="true"/>
    <property name="sun.os.patch.level" value="Service Pack 1"/>
    <property name="java.library.path" value="C:\Program Files\JetBrains\IntelliJ IDEA Community Edition 2019.3.1\jbr\bin;C:\Windows\Sun\Java\bin;C:\Windows\system32;C:\Windows;C:\Program Files\AdoptOpenJDK\jdk-11.0.6.10-hotspot\bin;C:\Program Files (x86)\Common Files\Oracle\Java\javapath;C:\ProgramData\Oracle\Java\javapath;C:\Program Files\Common Files\Microsoft Shared\Windows Live;C:\Program Files (x86)\Intel\iCLS Client\;C:\Program Files\Intel\iCLS Client\;C:\Windows\system32;C:\Windows;C:\Windows\System32\Wbem;C:\Windows\System32\WindowsPowerShell\v1.0\;C:\Program Files\Intel\Intel(R) Management Engine Components\DAL;C:\Program Files\Intel\Intel(R) Management Engine Components\IPT;C:\Program Files (x86)\Intel\Intel(R) Management Engine Components\DAL;C:\Program Files (x86)\Intel\Intel(R) Management Engine Components\IPT;C:\Program Files (x86)\NVIDIA Corporation\PhysX\Common;C:\Users\АНТОН\Desktop\Programs\Новая папка\OpenVPN\bin;C:\Program Files\OpenVPN\bin;C:\Program Files\Java\jdk-13.0.1\bin;J:\Git\cmd;C:\Program Files\Common Files\Microsoft Shared\Windows Live;C:\Users\АНТОН\AppData\Local\Programs\Microsoft VS Code\bin;."/>
    <property name="java.vendor" value="JetBrains s.r.o"/>
    <property name="java.vm.info" value="mixed mode, sharing"/>
    <property name="java.vm.version" value="11.0.5+10-b520.17"/>
    <property name="sun.io.unicode.encoding" value="UnicodeLittle"/>
    <property name="java.class.version" value="55.0"/>
  </properties>
  <testcase name="calculateSumAndMidelSum" classname="ru.netology.stats.StatsServiceTest" time="0.004"/>
  <testcase name="calculatehighMonth" classname="ru.netology.stats.StatsServiceTest" time="0"/>
  <testcase name="calculateHowLowPayment" classname="ru.netology.stats.StatsServiceTest" time="0"/>
  <testcase name="calculatelowMonth" classname="ru.netology.stats.StatsServiceTest" time="0.003"/>
  <testcase name="calculateHowHighPayment" classname="ru.netology.stats.StatsServiceTest" time="0"/>
</testsuite>